{"/Users/joseluisassadi/Documents/Universidad/calidad/calendar-part-4-sirjla/src/App.vue": {"path":"/Users/joseluisassadi/Documents/Universidad/calidad/calendar-part-4-sirjla/src/App.vue","statementMap":{"0":{"start":{"line":11,"column":0},"end":{"line":11,"column":null}},"1":{"start":{"line":12,"column":0},"end":{"line":12,"column":null}},"2":{"start":{"line":13,"column":0},"end":{"line":13,"column":null}},"3":{"start":{"line":14,"column":0},"end":{"line":14,"column":null}},"4":{"start":{"line":15,"column":0},"end":{"line":15,"column":null}},"5":{"start":{"line":20,"column":0},"end":{"line":20,"column":null}},"6":{"start":{"line":22,"column":0},"end":{"line":22,"column":null}},"7":{"start":{"line":23,"column":0},"end":{"line":23,"column":null}},"8":{"start":{"line":24,"column":0},"end":{"line":24,"column":null}},"9":{"start":{"line":34,"column":0},"end":{"line":34,"column":null}},"10":{"start":{"line":36,"column":0},"end":{"line":36,"column":null}},"11":{"start":{"line":37,"column":0},"end":{"line":37,"column":null}},"12":{"start":{"line":41,"column":0},"end":{"line":59,"column":null}},"13":{"start":{"line":42,"column":0},"end":{"line":42,"column":null}},"14":{"start":{"line":43,"column":0},"end":{"line":58,"column":null}},"15":{"start":{"line":44,"column":0},"end":{"line":56,"column":null}},"16":{"start":{"line":44,"column":0},"end":{"line":44,"column":null}},"17":{"start":{"line":51,"column":0},"end":{"line":53,"column":null}},"18":{"start":{"line":52,"column":0},"end":{"line":52,"column":null}},"19":{"start":{"line":54,"column":0},"end":{"line":54,"column":null}},"20":{"start":{"line":55,"column":0},"end":{"line":55,"column":null}},"21":{"start":{"line":63,"column":0},"end":{"line":68,"column":null}},"22":{"start":{"line":64,"column":0},"end":{"line":64,"column":null}},"23":{"start":{"line":65,"column":0},"end":{"line":67,"column":null}},"24":{"start":{"line":66,"column":0},"end":{"line":66,"column":null}},"25":{"start":{"line":72,"column":0},"end":{"line":72,"column":null}},"26":{"start":{"line":76,"column":0},"end":{"line":76,"column":null}},"27":{"start":{"line":80,"column":0},"end":{"line":80,"column":null}},"28":{"start":{"line":34,"column":0},"end":{"line":26,"column":null}}},"fnMap":{"0":{"name":"(anonymous_1)","decl":{"start":{"line":35,"column":0},"end":{"line":35,"column":null}},"loc":{"start":{"line":35,"column":0},"end":{"line":38,"column":null}}},"1":{"name":"(anonymous_2)","decl":{"start":{"line":40,"column":0},"end":{"line":40,"column":null}},"loc":{"start":{"line":40,"column":0},"end":{"line":60,"column":null}}},"2":{"name":"(anonymous_3)","decl":{"start":{"line":41,"column":0},"end":{"line":41,"column":null}},"loc":{"start":{"line":41,"column":0},"end":{"line":59,"column":null}}},"3":{"name":"(anonymous_4)","decl":{"start":{"line":44,"column":0},"end":{"line":44,"column":null}},"loc":{"start":{"line":44,"column":0},"end":{"line":44,"column":null}}},"4":{"name":"(anonymous_6)","decl":{"start":{"line":62,"column":0},"end":{"line":62,"column":null}},"loc":{"start":{"line":62,"column":0},"end":{"line":69,"column":null}}},"5":{"name":"(anonymous_7)","decl":{"start":{"line":63,"column":0},"end":{"line":63,"column":null}},"loc":{"start":{"line":63,"column":0},"end":{"line":68,"column":null}}},"6":{"name":"(anonymous_8)","decl":{"start":{"line":71,"column":0},"end":{"line":71,"column":null}},"loc":{"start":{"line":71,"column":0},"end":{"line":73,"column":null}}},"7":{"name":"(anonymous_9)","decl":{"start":{"line":75,"column":0},"end":{"line":75,"column":null}},"loc":{"start":{"line":75,"column":0},"end":{"line":77,"column":null}}},"8":{"name":"(anonymous_10)","decl":{"start":{"line":79,"column":0},"end":{"line":79,"column":null}},"loc":{"start":{"line":79,"column":0},"end":{"line":81,"column":null}}}},"branchMap":{"0":{"loc":{"start":{"line":42,"column":0},"end":{"line":42,"column":null}},"type":"if","locations":[{"start":{"line":42,"column":0},"end":{"line":42,"column":null}},{"start":{"line":42,"column":0},"end":{"line":42,"column":null}}]},"1":{"loc":{"start":{"line":43,"column":0},"end":{"line":58,"column":null}},"type":"if","locations":[{"start":{"line":43,"column":0},"end":{"line":58,"column":null}},{"start":{"line":43,"column":0},"end":{"line":58,"column":null}}]},"2":{"loc":{"start":{"line":51,"column":0},"end":{"line":53,"column":null}},"type":"if","locations":[{"start":{"line":51,"column":0},"end":{"line":53,"column":null}},{"start":{"line":51,"column":0},"end":{"line":53,"column":null}}]},"3":{"loc":{"start":{"line":64,"column":0},"end":{"line":64,"column":null}},"type":"if","locations":[{"start":{"line":64,"column":0},"end":{"line":64,"column":null}},{"start":{"line":64,"column":0},"end":{"line":64,"column":null}}]},"4":{"loc":{"start":{"line":65,"column":0},"end":{"line":67,"column":null}},"type":"if","locations":[{"start":{"line":65,"column":0},"end":{"line":67,"column":null}},{"start":{"line":65,"column":0},"end":{"line":67,"column":null}}]}},"s":{"0":0,"1":0,"2":0,"3":0,"4":0,"5":0,"6":0,"7":0,"8":0,"9":0,"10":0,"11":0,"12":0,"13":0,"14":0,"15":0,"16":0,"17":0,"18":0,"19":0,"20":0,"21":0,"22":0,"23":0,"24":0,"25":0,"26":0,"27":0,"28":0},"f":{"0":0,"1":0,"2":0,"3":0,"4":0,"5":0,"6":0,"7":0,"8":0},"b":{"0":[0,0],"1":[0,0],"2":[0,0],"3":[0,0],"4":[0,0]}}
,"/Users/joseluisassadi/Documents/Universidad/calidad/calendar-part-4-sirjla/src/common/constants.ts": {"path":"/Users/joseluisassadi/Documents/Universidad/calidad/calendar-part-4-sirjla/src/common/constants.ts","statementMap":{"0":{"start":{"line":1,"column":0},"end":{"line":1,"column":28}},"1":{"start":{"line":3,"column":18},"end":{"line":3,"column":28}},"2":{"start":{"line":18,"column":2},"end":{"line":18,"column":11}},"3":{"start":{"line":4,"column":17},"end":{"line":4,"column":23}},"4":{"start":{"line":19,"column":2},"end":{"line":19,"column":10}},"5":{"start":{"line":5,"column":21},"end":{"line":5,"column":22}},"6":{"start":{"line":20,"column":2},"end":{"line":20,"column":14}},"7":{"start":{"line":6,"column":20},"end":{"line":6,"column":22}},"8":{"start":{"line":21,"column":2},"end":{"line":21,"column":13}},"9":{"start":{"line":7,"column":23},"end":{"line":7,"column":24}},"10":{"start":{"line":22,"column":2},"end":{"line":22,"column":16}},"11":{"start":{"line":8,"column":17},"end":{"line":8,"column":21}},"12":{"start":{"line":9,"column":30},"end":{"line":9,"column":67}},"13":{"start":{"line":23,"column":2},"end":{"line":23,"column":13}},"14":{"start":{"line":10,"column":29},"end":{"line":10,"column":44}},"15":{"start":{"line":24,"column":2},"end":{"line":24,"column":12}},"16":{"start":{"line":11,"column":19},"end":{"line":11,"column":26}},"17":{"start":{"line":25,"column":2},"end":{"line":25,"column":12}},"18":{"start":{"line":12,"column":34},"end":{"line":12,"column":39}},"19":{"start":{"line":26,"column":2},"end":{"line":26,"column":27}},"20":{"start":{"line":13,"column":37},"end":{"line":13,"column":43}},"21":{"start":{"line":27,"column":2},"end":{"line":27,"column":30}},"22":{"start":{"line":14,"column":22},"end":{"line":14,"column":36}},"23":{"start":{"line":28,"column":2},"end":{"line":28,"column":15}},"24":{"start":{"line":15,"column":15},"end":{"line":15,"column":22}},"25":{"start":{"line":29,"column":2},"end":{"line":29,"column":8}}},"fnMap":{},"branchMap":{},"s":{"0":3,"1":3,"2":3,"3":3,"4":3,"5":3,"6":3,"7":3,"8":3,"9":3,"10":3,"11":3,"12":3,"13":3,"14":3,"15":3,"16":3,"17":3,"18":3,"19":3,"20":3,"21":3,"22":3,"23":3,"24":3,"25":3},"f":{},"b":{}}
,"/Users/joseluisassadi/Documents/Universidad/calidad/calendar-part-4-sirjla/src/components/AppointmentManager.vue": {"path":"/Users/joseluisassadi/Documents/Universidad/calidad/calendar-part-4-sirjla/src/components/AppointmentManager.vue","statementMap":{"0":{"start":{"line":122,"column":0},"end":{"line":122,"column":null}},"1":{"start":{"line":123,"column":0},"end":{"line":123,"column":null}},"2":{"start":{"line":124,"column":0},"end":{"line":124,"column":null}},"3":{"start":{"line":131,"column":0},"end":{"line":131,"column":null}},"4":{"start":{"line":141,"column":0},"end":{"line":141,"column":null}},"5":{"start":{"line":142,"column":0},"end":{"line":142,"column":null}},"6":{"start":{"line":143,"column":0},"end":{"line":143,"column":null}},"7":{"start":{"line":144,"column":0},"end":{"line":144,"column":null}},"8":{"start":{"line":146,"column":0},"end":{"line":146,"column":null}},"9":{"start":{"line":147,"column":0},"end":{"line":147,"column":null}},"10":{"start":{"line":149,"column":0},"end":{"line":149,"column":null}},"11":{"start":{"line":170,"column":0},"end":{"line":170,"column":null}},"12":{"start":{"line":174,"column":0},"end":{"line":176,"column":null}},"13":{"start":{"line":175,"column":0},"end":{"line":175,"column":null}},"14":{"start":{"line":180,"column":0},"end":{"line":180,"column":null}},"15":{"start":{"line":184,"column":0},"end":{"line":184,"column":null}},"16":{"start":{"line":188,"column":0},"end":{"line":188,"column":null}},"17":{"start":{"line":194,"column":0},"end":{"line":194,"column":null}},"18":{"start":{"line":200,"column":0},"end":{"line":202,"column":null}},"19":{"start":{"line":201,"column":0},"end":{"line":201,"column":null}},"20":{"start":{"line":203,"column":0},"end":{"line":203,"column":null}},"21":{"start":{"line":209,"column":0},"end":{"line":209,"column":null}},"22":{"start":{"line":215,"column":0},"end":{"line":215,"column":null}},"23":{"start":{"line":218,"column":0},"end":{"line":218,"column":null}},"24":{"start":{"line":222,"column":0},"end":{"line":222,"column":null}},"25":{"start":{"line":225,"column":0},"end":{"line":225,"column":null}},"26":{"start":{"line":229,"column":0},"end":{"line":229,"column":null}},"27":{"start":{"line":233,"column":0},"end":{"line":233,"column":null}},"28":{"start":{"line":236,"column":0},"end":{"line":236,"column":null}},"29":{"start":{"line":240,"column":0},"end":{"line":240,"column":null}},"30":{"start":{"line":243,"column":0},"end":{"line":243,"column":null}},"31":{"start":{"line":247,"column":0},"end":{"line":247,"column":null}},"32":{"start":{"line":250,"column":0},"end":{"line":250,"column":null}},"33":{"start":{"line":254,"column":0},"end":{"line":254,"column":null}},"34":{"start":{"line":257,"column":0},"end":{"line":257,"column":null}},"35":{"start":{"line":259,"column":0},"end":{"line":259,"column":null}},"36":{"start":{"line":263,"column":0},"end":{"line":263,"column":null}},"37":{"start":{"line":266,"column":0},"end":{"line":266,"column":null}},"38":{"start":{"line":268,"column":0},"end":{"line":270,"column":null}},"39":{"start":{"line":269,"column":0},"end":{"line":269,"column":null}},"40":{"start":{"line":274,"column":0},"end":{"line":274,"column":null}},"41":{"start":{"line":277,"column":0},"end":{"line":277,"column":null}},"42":{"start":{"line":281,"column":0},"end":{"line":281,"column":null}},"43":{"start":{"line":284,"column":0},"end":{"line":284,"column":null}},"44":{"start":{"line":288,"column":0},"end":{"line":288,"column":null}},"45":{"start":{"line":289,"column":0},"end":{"line":289,"column":null}},"46":{"start":{"line":290,"column":0},"end":{"line":290,"column":null}},"47":{"start":{"line":294,"column":0},"end":{"line":294,"column":null}},"48":{"start":{"line":295,"column":0},"end":{"line":300,"column":null}},"49":{"start":{"line":296,"column":0},"end":{"line":296,"column":null}},"50":{"start":{"line":297,"column":0},"end":{"line":297,"column":null}},"51":{"start":{"line":299,"column":0},"end":{"line":299,"column":null}},"52":{"start":{"line":301,"column":0},"end":{"line":301,"column":null}},"53":{"start":{"line":305,"column":0},"end":{"line":307,"column":null}},"54":{"start":{"line":306,"column":0},"end":{"line":306,"column":null}},"55":{"start":{"line":308,"column":0},"end":{"line":308,"column":null}}},"fnMap":{"0":{"name":"(anonymous_1)","decl":{"start":{"line":141,"column":0},"end":{"line":141,"column":null}},"loc":{"start":{"line":141,"column":0},"end":{"line":310,"column":null}}},"1":{"name":"(anonymous_2)","decl":{"start":{"line":169,"column":0},"end":{"line":169,"column":null}},"loc":{"start":{"line":169,"column":0},"end":{"line":171,"column":null}}},"2":{"name":"(anonymous_3)","decl":{"start":{"line":173,"column":0},"end":{"line":173,"column":null}},"loc":{"start":{"line":173,"column":0},"end":{"line":177,"column":null}}},"3":{"name":"(anonymous_4)","decl":{"start":{"line":179,"column":0},"end":{"line":179,"column":null}},"loc":{"start":{"line":179,"column":0},"end":{"line":181,"column":null}}},"4":{"name":"(anonymous_5)","decl":{"start":{"line":183,"column":0},"end":{"line":183,"column":null}},"loc":{"start":{"line":183,"column":0},"end":{"line":185,"column":null}}},"5":{"name":"(anonymous_6)","decl":{"start":{"line":187,"column":0},"end":{"line":187,"column":null}},"loc":{"start":{"line":187,"column":0},"end":{"line":191,"column":null}}},"6":{"name":"(anonymous_7)","decl":{"start":{"line":188,"column":0},"end":{"line":188,"column":null}},"loc":{"start":{"line":188,"column":0},"end":{"line":188,"column":null}}},"7":{"name":"(anonymous_8)","decl":{"start":{"line":193,"column":0},"end":{"line":193,"column":null}},"loc":{"start":{"line":193,"column":0},"end":{"line":197,"column":null}}},"8":{"name":"(anonymous_9)","decl":{"start":{"line":194,"column":0},"end":{"line":194,"column":null}},"loc":{"start":{"line":194,"column":0},"end":{"line":194,"column":null}}},"9":{"name":"(anonymous_10)","decl":{"start":{"line":199,"column":0},"end":{"line":199,"column":null}},"loc":{"start":{"line":199,"column":0},"end":{"line":206,"column":null}}},"10":{"name":"(anonymous_11)","decl":{"start":{"line":203,"column":0},"end":{"line":203,"column":null}},"loc":{"start":{"line":203,"column":0},"end":{"line":203,"column":null}}},"11":{"name":"(anonymous_12)","decl":{"start":{"line":208,"column":0},"end":{"line":208,"column":null}},"loc":{"start":{"line":208,"column":0},"end":{"line":212,"column":null}}},"12":{"name":"(anonymous_13)","decl":{"start":{"line":209,"column":0},"end":{"line":209,"column":null}},"loc":{"start":{"line":209,"column":0},"end":{"line":209,"column":null}}},"13":{"name":"(anonymous_14)","decl":{"start":{"line":214,"column":0},"end":{"line":214,"column":null}},"loc":{"start":{"line":214,"column":0},"end":{"line":216,"column":null}}},"14":{"name":"(anonymous_15)","decl":{"start":{"line":217,"column":0},"end":{"line":217,"column":null}},"loc":{"start":{"line":217,"column":0},"end":{"line":219,"column":null}}},"15":{"name":"(anonymous_16)","decl":{"start":{"line":221,"column":0},"end":{"line":221,"column":null}},"loc":{"start":{"line":221,"column":0},"end":{"line":223,"column":null}}},"16":{"name":"(anonymous_17)","decl":{"start":{"line":224,"column":0},"end":{"line":224,"column":null}},"loc":{"start":{"line":224,"column":0},"end":{"line":226,"column":null}}},"17":{"name":"(anonymous_18)","decl":{"start":{"line":228,"column":0},"end":{"line":228,"column":null}},"loc":{"start":{"line":228,"column":0},"end":{"line":230,"column":null}}},"18":{"name":"(anonymous_19)","decl":{"start":{"line":232,"column":0},"end":{"line":232,"column":null}},"loc":{"start":{"line":232,"column":0},"end":{"line":234,"column":null}}},"19":{"name":"(anonymous_20)","decl":{"start":{"line":235,"column":0},"end":{"line":235,"column":null}},"loc":{"start":{"line":235,"column":0},"end":{"line":237,"column":null}}},"20":{"name":"(anonymous_21)","decl":{"start":{"line":239,"column":0},"end":{"line":239,"column":null}},"loc":{"start":{"line":239,"column":0},"end":{"line":241,"column":null}}},"21":{"name":"(anonymous_22)","decl":{"start":{"line":242,"column":0},"end":{"line":242,"column":null}},"loc":{"start":{"line":242,"column":0},"end":{"line":244,"column":null}}},"22":{"name":"(anonymous_23)","decl":{"start":{"line":246,"column":0},"end":{"line":246,"column":null}},"loc":{"start":{"line":246,"column":0},"end":{"line":248,"column":null}}},"23":{"name":"(anonymous_24)","decl":{"start":{"line":249,"column":0},"end":{"line":249,"column":null}},"loc":{"start":{"line":249,"column":0},"end":{"line":251,"column":null}}},"24":{"name":"(anonymous_25)","decl":{"start":{"line":253,"column":0},"end":{"line":253,"column":null}},"loc":{"start":{"line":253,"column":0},"end":{"line":255,"column":null}}},"25":{"name":"(anonymous_26)","decl":{"start":{"line":256,"column":0},"end":{"line":256,"column":null}},"loc":{"start":{"line":256,"column":0},"end":{"line":260,"column":null}}},"26":{"name":"(anonymous_27)","decl":{"start":{"line":262,"column":0},"end":{"line":262,"column":null}},"loc":{"start":{"line":262,"column":0},"end":{"line":264,"column":null}}},"27":{"name":"(anonymous_28)","decl":{"start":{"line":265,"column":0},"end":{"line":265,"column":null}},"loc":{"start":{"line":265,"column":0},"end":{"line":271,"column":null}}},"28":{"name":"(anonymous_29)","decl":{"start":{"line":273,"column":0},"end":{"line":273,"column":null}},"loc":{"start":{"line":273,"column":0},"end":{"line":275,"column":null}}},"29":{"name":"(anonymous_30)","decl":{"start":{"line":276,"column":0},"end":{"line":276,"column":null}},"loc":{"start":{"line":276,"column":0},"end":{"line":278,"column":null}}},"30":{"name":"(anonymous_31)","decl":{"start":{"line":280,"column":0},"end":{"line":280,"column":null}},"loc":{"start":{"line":280,"column":0},"end":{"line":282,"column":null}}},"31":{"name":"(anonymous_32)","decl":{"start":{"line":283,"column":0},"end":{"line":283,"column":null}},"loc":{"start":{"line":283,"column":0},"end":{"line":285,"column":null}}},"32":{"name":"(anonymous_33)","decl":{"start":{"line":287,"column":0},"end":{"line":287,"column":null}},"loc":{"start":{"line":287,"column":0},"end":{"line":291,"column":null}}},"33":{"name":"(anonymous_34)","decl":{"start":{"line":293,"column":0},"end":{"line":293,"column":null}},"loc":{"start":{"line":293,"column":0},"end":{"line":302,"column":null}}},"34":{"name":"(anonymous_35)","decl":{"start":{"line":304,"column":0},"end":{"line":304,"column":null}},"loc":{"start":{"line":304,"column":0},"end":{"line":309,"column":null}}}},"branchMap":{"0":{"loc":{"start":{"line":174,"column":0},"end":{"line":176,"column":null}},"type":"if","locations":[{"start":{"line":174,"column":0},"end":{"line":176,"column":null}},{"start":{"line":174,"column":0},"end":{"line":176,"column":null}}]},"1":{"loc":{"start":{"line":200,"column":0},"end":{"line":202,"column":null}},"type":"if","locations":[{"start":{"line":200,"column":0},"end":{"line":202,"column":null}},{"start":{"line":200,"column":0},"end":{"line":202,"column":null}}]},"2":{"loc":{"start":{"line":268,"column":0},"end":{"line":270,"column":null}},"type":"if","locations":[{"start":{"line":268,"column":0},"end":{"line":270,"column":null}},{"start":{"line":268,"column":0},"end":{"line":270,"column":null}}]},"3":{"loc":{"start":{"line":294,"column":0},"end":{"line":294,"column":null}},"type":"if","locations":[{"start":{"line":294,"column":0},"end":{"line":294,"column":null}},{"start":{"line":294,"column":0},"end":{"line":294,"column":null}}]},"4":{"loc":{"start":{"line":295,"column":0},"end":{"line":300,"column":null}},"type":"if","locations":[{"start":{"line":295,"column":0},"end":{"line":300,"column":null}},{"start":{"line":295,"column":0},"end":{"line":300,"column":null}}]},"5":{"loc":{"start":{"line":305,"column":0},"end":{"line":307,"column":null}},"type":"if","locations":[{"start":{"line":305,"column":0},"end":{"line":307,"column":null}},{"start":{"line":305,"column":0},"end":{"line":307,"column":null}}]}},"s":{"0":0,"1":0,"2":0,"3":0,"4":0,"5":0,"6":0,"7":0,"8":0,"9":0,"10":0,"11":0,"12":0,"13":0,"14":0,"15":0,"16":0,"17":0,"18":0,"19":0,"20":0,"21":0,"22":0,"23":0,"24":0,"25":0,"26":0,"27":0,"28":0,"29":0,"30":0,"31":0,"32":0,"33":0,"34":0,"35":0,"36":0,"37":0,"38":0,"39":0,"40":0,"41":0,"42":0,"43":0,"44":0,"45":0,"46":0,"47":0,"48":0,"49":0,"50":0,"51":0,"52":0,"53":0,"54":0,"55":0},"f":{"0":0,"1":0,"2":0,"3":0,"4":0,"5":0,"6":0,"7":0,"8":0,"9":0,"10":0,"11":0,"12":0,"13":0,"14":0,"15":0,"16":0,"17":0,"18":0,"19":0,"20":0,"21":0,"22":0,"23":0,"24":0,"25":0,"26":0,"27":0,"28":0,"29":0,"30":0,"31":0,"32":0,"33":0,"34":0},"b":{"0":[0,0],"1":[0,0],"2":[0,0],"3":[0,0],"4":[0,0],"5":[0,0]}}
,"/Users/joseluisassadi/Documents/Universidad/calidad/calendar-part-4-sirjla/src/components/AppointmentView.vue": {"path":"/Users/joseluisassadi/Documents/Universidad/calidad/calendar-part-4-sirjla/src/components/AppointmentView.vue","statementMap":{"0":{"start":{"line":8,"column":0},"end":{"line":8,"column":null}},"1":{"start":{"line":10,"column":0},"end":{"line":10,"column":null}},"2":{"start":{"line":16,"column":0},"end":{"line":16,"column":null}},"3":{"start":{"line":20,"column":0},"end":{"line":20,"column":null}},"4":{"start":{"line":21,"column":0},"end":{"line":23,"column":null}},"5":{"start":{"line":22,"column":0},"end":{"line":22,"column":null}},"6":{"start":{"line":17,"column":0},"end":{"line":17,"column":null}}},"fnMap":{"0":{"name":"(anonymous_1)","decl":{"start":{"line":19,"column":0},"end":{"line":19,"column":null}},"loc":{"start":{"line":19,"column":0},"end":{"line":24,"column":null}}}},"branchMap":{"0":{"loc":{"start":{"line":21,"column":0},"end":{"line":23,"column":null}},"type":"if","locations":[{"start":{"line":21,"column":0},"end":{"line":23,"column":null}},{"start":{"line":21,"column":0},"end":{"line":23,"column":null}}]}},"s":{"0":0,"1":0,"2":0,"3":0,"4":0,"5":0,"6":0},"f":{"0":0},"b":{"0":[0,0]}}
,"/Users/joseluisassadi/Documents/Universidad/calidad/calendar-part-4-sirjla/src/components/Calendar.vue": {"path":"/Users/joseluisassadi/Documents/Universidad/calidad/calendar-part-4-sirjla/src/components/Calendar.vue","statementMap":{"0":{"start":{"line":18,"column":0},"end":{"line":18,"column":null}},"1":{"start":{"line":19,"column":0},"end":{"line":19,"column":null}},"2":{"start":{"line":21,"column":0},"end":{"line":21,"column":null}},"3":{"start":{"line":22,"column":0},"end":{"line":22,"column":null}},"4":{"start":{"line":23,"column":0},"end":{"line":23,"column":null}},"5":{"start":{"line":31,"column":0},"end":{"line":31,"column":null}},"6":{"start":{"line":32,"column":0},"end":{"line":32,"column":null}},"7":{"start":{"line":33,"column":0},"end":{"line":33,"column":null}},"8":{"start":{"line":34,"column":0},"end":{"line":34,"column":null}},"9":{"start":{"line":35,"column":0},"end":{"line":35,"column":null}},"10":{"start":{"line":38,"column":0},"end":{"line":38,"column":null}},"11":{"start":{"line":47,"column":0},"end":{"line":47,"column":null}},"12":{"start":{"line":50,"column":0},"end":{"line":51,"column":null}},"13":{"start":{"line":31,"column":0},"end":{"line":25,"column":null}}},"fnMap":{"0":{"name":"(anonymous_1)","decl":{"start":{"line":31,"column":0},"end":{"line":31,"column":null}},"loc":{"start":{"line":31,"column":0},"end":{"line":57,"column":null}}},"1":{"name":"(anonymous_2)","decl":{"start":{"line":37,"column":0},"end":{"line":37,"column":null}},"loc":{"start":{"line":37,"column":0},"end":{"line":44,"column":null}}},"2":{"name":"(anonymous_3)","decl":{"start":{"line":46,"column":0},"end":{"line":46,"column":null}},"loc":{"start":{"line":46,"column":0},"end":{"line":48,"column":null}}},"3":{"name":"(anonymous_4)","decl":{"start":{"line":49,"column":0},"end":{"line":49,"column":null}},"loc":{"start":{"line":49,"column":0},"end":{"line":56,"column":null}}},"4":{"name":"(anonymous_5)","decl":{"start":{"line":50,"column":0},"end":{"line":50,"column":null}},"loc":{"start":{"line":50,"column":0},"end":{"line":51,"column":null}}}},"branchMap":{"0":{"loc":{"start":{"line":38,"column":0},"end":{"line":38,"column":null}},"type":"cond-expr","locations":[{"start":{"line":38,"column":0},"end":{"line":38,"column":null}},{"start":{"line":38,"column":0},"end":{"line":38,"column":null}}]}},"s":{"0":0,"1":0,"2":0,"3":0,"4":0,"5":0,"6":0,"7":0,"8":0,"9":0,"10":0,"11":0,"12":0,"13":0},"f":{"0":0,"1":0,"2":0,"3":0,"4":0},"b":{"0":[0,0]}}
,"/Users/joseluisassadi/Documents/Universidad/calidad/calendar-part-4-sirjla/src/components/Date.vue": {"path":"/Users/joseluisassadi/Documents/Universidad/calidad/calendar-part-4-sirjla/src/components/Date.vue","statementMap":{"0":{"start":{"line":16,"column":0},"end":{"line":16,"column":null}},"1":{"start":{"line":19,"column":0},"end":{"line":19,"column":null}},"2":{"start":{"line":25,"column":0},"end":{"line":25,"column":null}},"3":{"start":{"line":30,"column":0},"end":{"line":30,"column":null}},"4":{"start":{"line":31,"column":0},"end":{"line":31,"column":null}},"5":{"start":{"line":32,"column":0},"end":{"line":32,"column":null}},"6":{"start":{"line":35,"column":0},"end":{"line":35,"column":null}},"7":{"start":{"line":40,"column":0},"end":{"line":40,"column":null}},"8":{"start":{"line":41,"column":0},"end":{"line":43,"column":null}},"9":{"start":{"line":42,"column":0},"end":{"line":42,"column":null}},"10":{"start":{"line":48,"column":0},"end":{"line":48,"column":null}},"11":{"start":{"line":51,"column":0},"end":{"line":51,"column":null}},"12":{"start":{"line":54,"column":0},"end":{"line":54,"column":null}},"13":{"start":{"line":62,"column":0},"end":{"line":62,"column":null}},"14":{"start":{"line":66,"column":0},"end":{"line":66,"column":null}},"15":{"start":{"line":69,"column":0},"end":{"line":69,"column":null}},"16":{"start":{"line":70,"column":0},"end":{"line":70,"column":null}},"17":{"start":{"line":73,"column":0},"end":{"line":73,"column":null}},"18":{"start":{"line":77,"column":0},"end":{"line":77,"column":null}},"19":{"start":{"line":78,"column":0},"end":{"line":81,"column":null}},"20":{"start":{"line":79,"column":0},"end":{"line":79,"column":null}},"21":{"start":{"line":82,"column":0},"end":{"line":84,"column":null}},"22":{"start":{"line":83,"column":0},"end":{"line":83,"column":null}},"23":{"start":{"line":85,"column":0},"end":{"line":85,"column":null}},"24":{"start":{"line":88,"column":0},"end":{"line":88,"column":null}},"25":{"start":{"line":37,"column":0},"end":{"line":37,"column":null}}},"fnMap":{"0":{"name":"(anonymous_1)","decl":{"start":{"line":39,"column":0},"end":{"line":39,"column":null}},"loc":{"start":{"line":39,"column":0},"end":{"line":44,"column":null}}},"1":{"name":"(anonymous_2)","decl":{"start":{"line":47,"column":0},"end":{"line":47,"column":null}},"loc":{"start":{"line":47,"column":0},"end":{"line":49,"column":null}}},"2":{"name":"(anonymous_3)","decl":{"start":{"line":50,"column":0},"end":{"line":50,"column":null}},"loc":{"start":{"line":50,"column":0},"end":{"line":52,"column":null}}},"3":{"name":"(anonymous_4)","decl":{"start":{"line":53,"column":0},"end":{"line":53,"column":null}},"loc":{"start":{"line":53,"column":0},"end":{"line":59,"column":null}}},"4":{"name":"(anonymous_5)","decl":{"start":{"line":61,"column":0},"end":{"line":61,"column":null}},"loc":{"start":{"line":61,"column":0},"end":{"line":63,"column":null}}},"5":{"name":"(anonymous_6)","decl":{"start":{"line":65,"column":0},"end":{"line":65,"column":null}},"loc":{"start":{"line":65,"column":0},"end":{"line":67,"column":null}}},"6":{"name":"(anonymous_7)","decl":{"start":{"line":68,"column":0},"end":{"line":68,"column":null}},"loc":{"start":{"line":68,"column":0},"end":{"line":71,"column":null}}},"7":{"name":"(anonymous_8)","decl":{"start":{"line":72,"column":0},"end":{"line":72,"column":null}},"loc":{"start":{"line":72,"column":0},"end":{"line":74,"column":null}}},"8":{"name":"(anonymous_9)","decl":{"start":{"line":75,"column":0},"end":{"line":75,"column":null}},"loc":{"start":{"line":75,"column":0},"end":{"line":86,"column":null}}},"9":{"name":"(anonymous_10)","decl":{"start":{"line":87,"column":0},"end":{"line":87,"column":null}},"loc":{"start":{"line":87,"column":0},"end":{"line":92,"column":null}}}},"branchMap":{"0":{"loc":{"start":{"line":41,"column":0},"end":{"line":43,"column":null}},"type":"if","locations":[{"start":{"line":41,"column":0},"end":{"line":43,"column":null}},{"start":{"line":41,"column":0},"end":{"line":43,"column":null}}]},"1":{"loc":{"start":{"line":54,"column":0},"end":{"line":54,"column":null}},"type":"cond-expr","locations":[{"start":{"line":54,"column":0},"end":{"line":54,"column":null}},{"start":{"line":54,"column":0},"end":{"line":54,"column":null}}]},"2":{"loc":{"start":{"line":78,"column":0},"end":{"line":81,"column":null}},"type":"if","locations":[{"start":{"line":78,"column":0},"end":{"line":81,"column":null}},{"start":{"line":78,"column":0},"end":{"line":81,"column":null}}]},"3":{"loc":{"start":{"line":82,"column":0},"end":{"line":84,"column":null}},"type":"if","locations":[{"start":{"line":82,"column":0},"end":{"line":84,"column":null}},{"start":{"line":82,"column":0},"end":{"line":84,"column":null}}]}},"s":{"0":1,"1":1,"2":1,"3":1,"4":1,"5":1,"6":2,"7":0,"8":0,"9":0,"10":5,"11":1,"12":5,"13":5,"14":5,"15":5,"16":5,"17":5,"18":6,"19":6,"20":0,"21":6,"22":6,"23":0,"24":5,"25":1},"f":{"0":0,"1":5,"2":1,"3":5,"4":5,"5":5,"6":5,"7":5,"8":6,"9":5},"b":{"0":[0,0],"1":[5,5],"2":[0,6],"3":[6,0]}}
,"/Users/joseluisassadi/Documents/Universidad/calidad/calendar-part-4-sirjla/src/components/LogIn.vue": {"path":"/Users/joseluisassadi/Documents/Universidad/calidad/calendar-part-4-sirjla/src/components/LogIn.vue","statementMap":{"0":{"start":{"line":11,"column":0},"end":{"line":11,"column":null}},"1":{"start":{"line":12,"column":0},"end":{"line":12,"column":null}},"2":{"start":{"line":18,"column":0},"end":{"line":18,"column":null}},"3":{"start":{"line":19,"column":0},"end":{"line":19,"column":null}},"4":{"start":{"line":20,"column":0},"end":{"line":20,"column":null}},"5":{"start":{"line":23,"column":0},"end":{"line":23,"column":null}},"6":{"start":{"line":27,"column":0},"end":{"line":29,"column":null}},"7":{"start":{"line":28,"column":0},"end":{"line":28,"column":null}},"8":{"start":{"line":33,"column":0},"end":{"line":37,"column":null}},"9":{"start":{"line":34,"column":0},"end":{"line":34,"column":null}},"10":{"start":{"line":36,"column":0},"end":{"line":36,"column":null}}},"fnMap":{"0":{"name":"(anonymous_1)","decl":{"start":{"line":18,"column":0},"end":{"line":18,"column":null}},"loc":{"start":{"line":18,"column":0},"end":{"line":39,"column":null}}},"1":{"name":"(anonymous_2)","decl":{"start":{"line":22,"column":0},"end":{"line":22,"column":null}},"loc":{"start":{"line":22,"column":0},"end":{"line":24,"column":null}}},"2":{"name":"(anonymous_3)","decl":{"start":{"line":26,"column":0},"end":{"line":26,"column":null}},"loc":{"start":{"line":26,"column":0},"end":{"line":30,"column":null}}},"3":{"name":"(anonymous_4)","decl":{"start":{"line":32,"column":0},"end":{"line":32,"column":null}},"loc":{"start":{"line":32,"column":0},"end":{"line":38,"column":null}}}},"branchMap":{"0":{"loc":{"start":{"line":27,"column":0},"end":{"line":29,"column":null}},"type":"if","locations":[{"start":{"line":27,"column":0},"end":{"line":29,"column":null}},{"start":{"line":27,"column":0},"end":{"line":29,"column":null}}]},"1":{"loc":{"start":{"line":33,"column":0},"end":{"line":37,"column":null}},"type":"if","locations":[{"start":{"line":33,"column":0},"end":{"line":37,"column":null}},{"start":{"line":33,"column":0},"end":{"line":37,"column":null}}]}},"s":{"0":0,"1":0,"2":0,"3":0,"4":0,"5":0,"6":0,"7":0,"8":0,"9":0,"10":0},"f":{"0":0,"1":0,"2":0,"3":0},"b":{"0":[0,0],"1":[0,0]}}
,"/Users/joseluisassadi/Documents/Universidad/calidad/calendar-part-4-sirjla/src/components/Menu.vue": {"path":"/Users/joseluisassadi/Documents/Universidad/calidad/calendar-part-4-sirjla/src/components/Menu.vue","statementMap":{"0":{"start":{"line":30,"column":0},"end":{"line":30,"column":null}},"1":{"start":{"line":31,"column":0},"end":{"line":31,"column":null}},"2":{"start":{"line":39,"column":0},"end":{"line":39,"column":null}},"3":{"start":{"line":47,"column":0},"end":{"line":47,"column":null}},"4":{"start":{"line":49,"column":0},"end":{"line":49,"column":null}},"5":{"start":{"line":50,"column":0},"end":{"line":50,"column":null}},"6":{"start":{"line":52,"column":0},"end":{"line":52,"column":null}},"7":{"start":{"line":53,"column":0},"end":{"line":53,"column":null}},"8":{"start":{"line":57,"column":0},"end":{"line":57,"column":null}},"9":{"start":{"line":61,"column":0},"end":{"line":61,"column":null}},"10":{"start":{"line":65,"column":0},"end":{"line":65,"column":null}},"11":{"start":{"line":69,"column":0},"end":{"line":69,"column":null}},"12":{"start":{"line":73,"column":0},"end":{"line":73,"column":null}},"13":{"start":{"line":77,"column":0},"end":{"line":77,"column":null}},"14":{"start":{"line":81,"column":0},"end":{"line":81,"column":null}},"15":{"start":{"line":85,"column":0},"end":{"line":85,"column":null}}},"fnMap":{"0":{"name":"(anonymous_1)","decl":{"start":{"line":47,"column":0},"end":{"line":47,"column":null}},"loc":{"start":{"line":47,"column":0},"end":{"line":87,"column":null}}},"1":{"name":"(anonymous_2)","decl":{"start":{"line":56,"column":0},"end":{"line":56,"column":null}},"loc":{"start":{"line":56,"column":0},"end":{"line":58,"column":null}}},"2":{"name":"(anonymous_3)","decl":{"start":{"line":60,"column":0},"end":{"line":60,"column":null}},"loc":{"start":{"line":60,"column":0},"end":{"line":62,"column":null}}},"3":{"name":"(anonymous_4)","decl":{"start":{"line":64,"column":0},"end":{"line":64,"column":null}},"loc":{"start":{"line":64,"column":0},"end":{"line":66,"column":null}}},"4":{"name":"(anonymous_5)","decl":{"start":{"line":68,"column":0},"end":{"line":68,"column":null}},"loc":{"start":{"line":68,"column":0},"end":{"line":70,"column":null}}},"5":{"name":"(anonymous_6)","decl":{"start":{"line":72,"column":0},"end":{"line":72,"column":null}},"loc":{"start":{"line":72,"column":0},"end":{"line":74,"column":null}}},"6":{"name":"(anonymous_7)","decl":{"start":{"line":76,"column":0},"end":{"line":76,"column":null}},"loc":{"start":{"line":76,"column":0},"end":{"line":78,"column":null}}},"7":{"name":"(anonymous_8)","decl":{"start":{"line":80,"column":0},"end":{"line":80,"column":null}},"loc":{"start":{"line":80,"column":0},"end":{"line":82,"column":null}}},"8":{"name":"(anonymous_9)","decl":{"start":{"line":84,"column":0},"end":{"line":84,"column":null}},"loc":{"start":{"line":84,"column":0},"end":{"line":86,"column":null}}}},"branchMap":{},"s":{"0":0,"1":0,"2":0,"3":0,"4":0,"5":0,"6":0,"7":0,"8":0,"9":0,"10":0,"11":0,"12":0,"13":0,"14":0,"15":0},"f":{"0":0,"1":0,"2":0,"3":0,"4":0,"5":0,"6":0,"7":0,"8":0},"b":{}}
,"/Users/joseluisassadi/Documents/Universidad/calidad/calendar-part-4-sirjla/src/components/Month.vue": {"path":"/Users/joseluisassadi/Documents/Universidad/calidad/calendar-part-4-sirjla/src/components/Month.vue","statementMap":{"0":{"start":{"line":8,"column":0},"end":{"line":8,"column":null}},"1":{"start":{"line":9,"column":0},"end":{"line":9,"column":null}},"2":{"start":{"line":10,"column":0},"end":{"line":10,"column":null}},"3":{"start":{"line":17,"column":0},"end":{"line":17,"column":null}},"4":{"start":{"line":20,"column":0},"end":{"line":20,"column":null}},"5":{"start":{"line":23,"column":0},"end":{"line":23,"column":null}},"6":{"start":{"line":27,"column":0},"end":{"line":27,"column":null}},"7":{"start":{"line":31,"column":0},"end":{"line":35,"column":null}},"8":{"start":{"line":31,"column":0},"end":{"line":31,"column":null}},"9":{"start":{"line":17,"column":0},"end":{"line":12,"column":null}}},"fnMap":{"0":{"name":"(anonymous_1)","decl":{"start":{"line":19,"column":0},"end":{"line":19,"column":null}},"loc":{"start":{"line":19,"column":0},"end":{"line":21,"column":null}}},"1":{"name":"(anonymous_2)","decl":{"start":{"line":22,"column":0},"end":{"line":22,"column":null}},"loc":{"start":{"line":22,"column":0},"end":{"line":24,"column":null}}},"2":{"name":"(anonymous_3)","decl":{"start":{"line":26,"column":0},"end":{"line":26,"column":null}},"loc":{"start":{"line":26,"column":0},"end":{"line":39,"column":null}}},"3":{"name":"(anonymous_4)","decl":{"start":{"line":31,"column":0},"end":{"line":31,"column":null}},"loc":{"start":{"line":31,"column":0},"end":{"line":31,"column":null}}}},"branchMap":{},"s":{"0":0,"1":0,"2":0,"3":0,"4":0,"5":0,"6":0,"7":0,"8":0,"9":0},"f":{"0":0,"1":0,"2":0,"3":0},"b":{}}
,"/Users/joseluisassadi/Documents/Universidad/calidad/calendar-part-4-sirjla/src/components/ScheduleHour.vue": {"path":"/Users/joseluisassadi/Documents/Universidad/calidad/calendar-part-4-sirjla/src/components/ScheduleHour.vue","statementMap":{"0":{"start":{"line":23,"column":0},"end":{"line":23,"column":null}},"1":{"start":{"line":25,"column":0},"end":{"line":25,"column":null}},"2":{"start":{"line":27,"column":0},"end":{"line":27,"column":null}},"3":{"start":{"line":34,"column":0},"end":{"line":34,"column":null}},"4":{"start":{"line":39,"column":0},"end":{"line":39,"column":null}},"5":{"start":{"line":40,"column":0},"end":{"line":40,"column":null}},"6":{"start":{"line":41,"column":0},"end":{"line":41,"column":null}},"7":{"start":{"line":44,"column":0},"end":{"line":75,"column":null}},"8":{"start":{"line":45,"column":0},"end":{"line":57,"column":null}},"9":{"start":{"line":46,"column":0},"end":{"line":50,"column":null}},"10":{"start":{"line":47,"column":0},"end":{"line":49,"column":null}},"11":{"start":{"line":48,"column":0},"end":{"line":48,"column":null}},"12":{"start":{"line":51,"column":0},"end":{"line":56,"column":null}},"13":{"start":{"line":55,"column":0},"end":{"line":55,"column":null}},"14":{"start":{"line":58,"column":0},"end":{"line":67,"column":null}},"15":{"start":{"line":59,"column":0},"end":{"line":61,"column":null}},"16":{"start":{"line":60,"column":0},"end":{"line":60,"column":null}},"17":{"start":{"line":62,"column":0},"end":{"line":66,"column":null}},"18":{"start":{"line":63,"column":0},"end":{"line":65,"column":null}},"19":{"start":{"line":64,"column":0},"end":{"line":64,"column":null}},"20":{"start":{"line":68,"column":0},"end":{"line":73,"column":null}},"21":{"start":{"line":72,"column":0},"end":{"line":72,"column":null}},"22":{"start":{"line":74,"column":0},"end":{"line":74,"column":null}},"23":{"start":{"line":79,"column":0},"end":{"line":79,"column":null}},"24":{"start":{"line":35,"column":0},"end":{"line":35,"column":null}},"25":{"start":{"line":36,"column":0},"end":{"line":36,"column":null}},"26":{"start":{"line":37,"column":0},"end":{"line":37,"column":null}},"27":{"start":{"line":34,"column":0},"end":{"line":29,"column":null}}},"fnMap":{"0":{"name":"(anonymous_1)","decl":{"start":{"line":34,"column":0},"end":{"line":34,"column":null}},"loc":{"start":{"line":34,"column":0},"end":{"line":81,"column":null}}},"1":{"name":"(anonymous_2)","decl":{"start":{"line":43,"column":0},"end":{"line":43,"column":null}},"loc":{"start":{"line":43,"column":0},"end":{"line":76,"column":null}}},"2":{"name":"(anonymous_3)","decl":{"start":{"line":44,"column":0},"end":{"line":44,"column":null}},"loc":{"start":{"line":44,"column":0},"end":{"line":75,"column":null}}},"3":{"name":"(anonymous_4)","decl":{"start":{"line":78,"column":0},"end":{"line":78,"column":null}},"loc":{"start":{"line":78,"column":0},"end":{"line":80,"column":null}}}},"branchMap":{"0":{"loc":{"start":{"line":45,"column":0},"end":{"line":57,"column":null}},"type":"if","locations":[{"start":{"line":45,"column":0},"end":{"line":57,"column":null}},{"start":{"line":45,"column":0},"end":{"line":57,"column":null}}]},"1":{"loc":{"start":{"line":46,"column":0},"end":{"line":50,"column":null}},"type":"if","locations":[{"start":{"line":46,"column":0},"end":{"line":50,"column":null}},{"start":{"line":46,"column":0},"end":{"line":50,"column":null}}]},"2":{"loc":{"start":{"line":47,"column":0},"end":{"line":49,"column":null}},"type":"if","locations":[{"start":{"line":47,"column":0},"end":{"line":49,"column":null}},{"start":{"line":47,"column":0},"end":{"line":49,"column":null}}]},"3":{"loc":{"start":{"line":51,"column":0},"end":{"line":56,"column":null}},"type":"if","locations":[{"start":{"line":51,"column":0},"end":{"line":56,"column":null}},{"start":{"line":51,"column":0},"end":{"line":56,"column":null}}]},"4":{"loc":{"start":{"line":51,"column":0},"end":{"line":51,"column":null}},"type":"binary-expr","locations":[{"start":{"line":51,"column":0},"end":{"line":51,"column":null}},{"start":{"line":51,"column":0},"end":{"line":51,"column":null}}]},"5":{"loc":{"start":{"line":58,"column":0},"end":{"line":67,"column":null}},"type":"if","locations":[{"start":{"line":58,"column":0},"end":{"line":67,"column":null}},{"start":{"line":58,"column":0},"end":{"line":67,"column":null}}]},"6":{"loc":{"start":{"line":59,"column":0},"end":{"line":61,"column":null}},"type":"if","locations":[{"start":{"line":59,"column":0},"end":{"line":61,"column":null}},{"start":{"line":59,"column":0},"end":{"line":61,"column":null}}]},"7":{"loc":{"start":{"line":62,"column":0},"end":{"line":66,"column":null}},"type":"if","locations":[{"start":{"line":62,"column":0},"end":{"line":66,"column":null}},{"start":{"line":62,"column":0},"end":{"line":66,"column":null}}]},"8":{"loc":{"start":{"line":63,"column":0},"end":{"line":65,"column":null}},"type":"if","locations":[{"start":{"line":63,"column":0},"end":{"line":65,"column":null}},{"start":{"line":63,"column":0},"end":{"line":65,"column":null}}]},"9":{"loc":{"start":{"line":68,"column":0},"end":{"line":73,"column":null}},"type":"if","locations":[{"start":{"line":68,"column":0},"end":{"line":73,"column":null}},{"start":{"line":68,"column":0},"end":{"line":73,"column":null}}]},"10":{"loc":{"start":{"line":68,"column":0},"end":{"line":68,"column":null}},"type":"binary-expr","locations":[{"start":{"line":68,"column":0},"end":{"line":68,"column":null}},{"start":{"line":68,"column":0},"end":{"line":68,"column":null}}]}},"s":{"0":0,"1":0,"2":0,"3":0,"4":0,"5":0,"6":0,"7":0,"8":0,"9":0,"10":0,"11":0,"12":0,"13":0,"14":0,"15":0,"16":0,"17":0,"18":0,"19":0,"20":0,"21":0,"22":0,"23":0,"24":0,"25":0,"26":0,"27":0},"f":{"0":0,"1":0,"2":0,"3":0},"b":{"0":[0,0],"1":[0,0],"2":[0,0],"3":[0,0],"4":[0,0],"5":[0,0],"6":[0,0],"7":[0,0],"8":[0,0],"9":[0,0],"10":[0,0]}}
,"/Users/joseluisassadi/Documents/Universidad/calidad/calendar-part-4-sirjla/src/components/Week.vue": {"path":"/Users/joseluisassadi/Documents/Universidad/calidad/calendar-part-4-sirjla/src/components/Week.vue","statementMap":{"0":{"start":{"line":27,"column":0},"end":{"line":27,"column":null}},"1":{"start":{"line":28,"column":0},"end":{"line":28,"column":null}},"2":{"start":{"line":29,"column":0},"end":{"line":29,"column":null}},"3":{"start":{"line":32,"column":0},"end":{"line":32,"column":null}},"4":{"start":{"line":39,"column":0},"end":{"line":39,"column":null}},"5":{"start":{"line":40,"column":0},"end":{"line":40,"column":null}},"6":{"start":{"line":41,"column":0},"end":{"line":41,"column":null}},"7":{"start":{"line":42,"column":0},"end":{"line":42,"column":null}},"8":{"start":{"line":45,"column":0},"end":{"line":45,"column":null}},"9":{"start":{"line":46,"column":0},"end":{"line":46,"column":null}},"10":{"start":{"line":47,"column":0},"end":{"line":47,"column":null}},"11":{"start":{"line":51,"column":0},"end":{"line":51,"column":null}},"12":{"start":{"line":55,"column":0},"end":{"line":55,"column":null}},"13":{"start":{"line":56,"column":0},"end":{"line":56,"column":null}},"14":{"start":{"line":60,"column":0},"end":{"line":64,"column":null}},"15":{"start":{"line":60,"column":0},"end":{"line":60,"column":null}},"16":{"start":{"line":71,"column":0},"end":{"line":71,"column":null}},"17":{"start":{"line":75,"column":0},"end":{"line":75,"column":null}},"18":{"start":{"line":39,"column":0},"end":{"line":34,"column":null}}},"fnMap":{"0":{"name":"(anonymous_1)","decl":{"start":{"line":39,"column":0},"end":{"line":39,"column":null}},"loc":{"start":{"line":39,"column":0},"end":{"line":77,"column":null}}},"1":{"name":"(anonymous_2)","decl":{"start":{"line":44,"column":0},"end":{"line":44,"column":null}},"loc":{"start":{"line":44,"column":0},"end":{"line":48,"column":null}}},"2":{"name":"(anonymous_3)","decl":{"start":{"line":50,"column":0},"end":{"line":50,"column":null}},"loc":{"start":{"line":50,"column":0},"end":{"line":52,"column":null}}},"3":{"name":"(anonymous_4)","decl":{"start":{"line":54,"column":0},"end":{"line":54,"column":null}},"loc":{"start":{"line":54,"column":0},"end":{"line":68,"column":null}}},"4":{"name":"(anonymous_5)","decl":{"start":{"line":60,"column":0},"end":{"line":60,"column":null}},"loc":{"start":{"line":60,"column":0},"end":{"line":60,"column":null}}},"5":{"name":"(anonymous_7)","decl":{"start":{"line":70,"column":0},"end":{"line":70,"column":null}},"loc":{"start":{"line":70,"column":0},"end":{"line":72,"column":null}}},"6":{"name":"(anonymous_8)","decl":{"start":{"line":74,"column":0},"end":{"line":74,"column":null}},"loc":{"start":{"line":74,"column":0},"end":{"line":76,"column":null}}}},"branchMap":{},"s":{"0":0,"1":0,"2":0,"3":0,"4":0,"5":0,"6":0,"7":0,"8":0,"9":0,"10":0,"11":0,"12":0,"13":0,"14":0,"15":0,"16":0,"17":0,"18":0},"f":{"0":0,"1":0,"2":0,"3":0,"4":0,"5":0,"6":0},"b":{}}
,"/Users/joseluisassadi/Documents/Universidad/calidad/calendar-part-4-sirjla/src/store/MutationNames.ts": {"path":"/Users/joseluisassadi/Documents/Universidad/calidad/calendar-part-4-sirjla/src/store/MutationNames.ts","statementMap":{"0":{"start":{"line":1,"column":28},"end":{"line":1,"column":41}},"1":{"start":{"line":18,"column":2},"end":{"line":18,"column":21}},"2":{"start":{"line":2,"column":27},"end":{"line":2,"column":39}},"3":{"start":{"line":19,"column":2},"end":{"line":19,"column":20}},"4":{"start":{"line":3,"column":27},"end":{"line":3,"column":39}},"5":{"start":{"line":20,"column":2},"end":{"line":20,"column":20}},"6":{"start":{"line":4,"column":27},"end":{"line":4,"column":39}},"7":{"start":{"line":21,"column":2},"end":{"line":21,"column":20}},"8":{"start":{"line":5,"column":38},"end":{"line":5,"column":61}},"9":{"start":{"line":22,"column":2},"end":{"line":22,"column":31}},"10":{"start":{"line":6,"column":34},"end":{"line":6,"column":53}},"11":{"start":{"line":23,"column":2},"end":{"line":23,"column":27}},"12":{"start":{"line":7,"column":32},"end":{"line":7,"column":49}},"13":{"start":{"line":24,"column":2},"end":{"line":24,"column":25}},"14":{"start":{"line":8,"column":26},"end":{"line":8,"column":37}},"15":{"start":{"line":25,"column":2},"end":{"line":25,"column":19}},"16":{"start":{"line":9,"column":27},"end":{"line":9,"column":39}},"17":{"start":{"line":26,"column":2},"end":{"line":26,"column":20}},"18":{"start":{"line":10,"column":31},"end":{"line":10,"column":47}},"19":{"start":{"line":27,"column":2},"end":{"line":27,"column":24}},"20":{"start":{"line":11,"column":33},"end":{"line":11,"column":51}},"21":{"start":{"line":28,"column":2},"end":{"line":28,"column":26}},"22":{"start":{"line":12,"column":37},"end":{"line":12,"column":59}},"23":{"start":{"line":29,"column":2},"end":{"line":29,"column":30}},"24":{"start":{"line":13,"column":39},"end":{"line":13,"column":63}},"25":{"start":{"line":30,"column":2},"end":{"line":30,"column":32}},"26":{"start":{"line":14,"column":36},"end":{"line":14,"column":57}},"27":{"start":{"line":31,"column":2},"end":{"line":31,"column":29}},"28":{"start":{"line":15,"column":34},"end":{"line":15,"column":53}},"29":{"start":{"line":32,"column":2},"end":{"line":32,"column":27}}},"fnMap":{},"branchMap":{},"s":{"0":1,"1":1,"2":1,"3":1,"4":1,"5":1,"6":1,"7":1,"8":1,"9":1,"10":1,"11":1,"12":1,"13":1,"14":1,"15":1,"16":1,"17":1,"18":1,"19":1,"20":1,"21":1,"22":1,"23":1,"24":1,"25":1,"26":1,"27":1,"28":1,"29":1},"f":{},"b":{}}
,"/Users/joseluisassadi/Documents/Universidad/calidad/calendar-part-4-sirjla/src/store/getters.ts": {"path":"/Users/joseluisassadi/Documents/Universidad/calidad/calendar-part-4-sirjla/src/store/getters.ts","statementMap":{"0":{"start":{"line":1,"column":0},"end":{"line":1,"column":28}},"1":{"start":{"line":5,"column":27},"end":{"line":5,"column":28}},"2":{"start":{"line":6,"column":34},"end":{"line":6,"column":39}},"3":{"start":{"line":8,"column":13},"end":{"line":32,"column":2}},"4":{"start":{"line":10,"column":4},"end":{"line":16,"column":17}},"5":{"start":{"line":18,"column":45},"end":{"line":31,"column":3}},"6":{"start":{"line":21,"column":24},"end":{"line":21,"column":79}},"7":{"start":{"line":22,"column":4},"end":{"line":30,"column":8}},"8":{"start":{"line":24,"column":8},"end":{"line":24,"column":64}},"9":{"start":{"line":28,"column":10},"end":{"line":29,"column":52}}},"fnMap":{"0":{"name":"(anonymous_0)","decl":{"start":{"line":9,"column":36},"end":{"line":9,"column":37}},"loc":{"start":{"line":9,"column":65},"end":{"line":17,"column":3}}},"1":{"name":"(anonymous_1)","decl":{"start":{"line":18,"column":23},"end":{"line":18,"column":24}},"loc":{"start":{"line":18,"column":45},"end":{"line":31,"column":3}}},"2":{"name":"(anonymous_2)","decl":{"start":{"line":18,"column":45},"end":{"line":18,"column":null}},"loc":{"start":{"line":20,"column":21},"end":{"line":31,"column":3}}},"3":{"name":"(anonymous_3)","decl":{"start":{"line":23,"column":14},"end":{"line":23,"column":15}},"loc":{"start":{"line":24,"column":8},"end":{"line":24,"column":64}}},"4":{"name":"(anonymous_4)","decl":{"start":{"line":27,"column":8},"end":{"line":27,"column":9}},"loc":{"start":{"line":28,"column":10},"end":{"line":29,"column":52}}}},"branchMap":{"0":{"loc":{"start":{"line":21,"column":57},"end":{"line":21,"column":59}},"type":"cond-expr","locations":[{"start":{"line":21,"column":57},"end":{"line":21,"column":59}},{"start":{"line":21,"column":62},"end":{"line":21,"column":79}}]},"1":{"loc":{"start":{"line":28,"column":10},"end":{"line":28,"column":49}},"type":"binary-expr","locations":[{"start":{"line":28,"column":10},"end":{"line":28,"column":49}},{"start":{"line":29,"column":10},"end":{"line":29,"column":52}}]}},"s":{"0":2,"1":2,"2":2,"3":2,"4":6,"5":7,"6":7,"7":7,"8":2,"9":2},"f":{"0":6,"1":7,"2":7,"3":2,"4":2},"b":{"0":[6,1],"1":[2,1]}}
,"/Users/joseluisassadi/Documents/Universidad/calidad/calendar-part-4-sirjla/src/store/index.ts": {"path":"/Users/joseluisassadi/Documents/Universidad/calidad/calendar-part-4-sirjla/src/store/index.ts","statementMap":{"0":{"start":{"line":1,"column":0},"end":{"line":1,"column":22}},"1":{"start":{"line":2,"column":0},"end":{"line":2,"column":42}},"2":{"start":{"line":4,"column":0},"end":{"line":4,"column":40}},"3":{"start":{"line":5,"column":0},"end":{"line":5,"column":36}},"4":{"start":{"line":6,"column":0},"end":{"line":6,"column":32}},"5":{"start":{"line":8,"column":0},"end":{"line":8,"column":14}},"6":{"start":{"line":10,"column":39},"end":{"line":16,"column":2}},"7":{"start":{"line":18,"column":0},"end":{"line":18,"column":48}}},"fnMap":{},"branchMap":{},"s":{"0":0,"1":0,"2":0,"3":0,"4":0,"5":0,"6":0,"7":0},"f":{},"b":{}}
,"/Users/joseluisassadi/Documents/Universidad/calidad/calendar-part-4-sirjla/src/store/mutations.ts": {"path":"/Users/joseluisassadi/Documents/Universidad/calidad/calendar-part-4-sirjla/src/store/mutations.ts","statementMap":{"0":{"start":{"line":3,"column":0},"end":{"line":3,"column":44}},"1":{"start":{"line":4,"column":0},"end":{"line":4,"column":59}},"2":{"start":{"line":6,"column":30},"end":{"line":6,"column":32}},"3":{"start":{"line":11,"column":2},"end":{"line":13,"column":5}},"4":{"start":{"line":12,"column":4},"end":{"line":12,"column":27}},"5":{"start":{"line":12,"column":15},"end":{"line":12,"column":27}},"6":{"start":{"line":16,"column":13},"end":{"line":69,"column":2}},"7":{"start":{"line":18,"column":4},"end":{"line":18,"column":56}},"8":{"start":{"line":21,"column":4},"end":{"line":21,"column":30}},"9":{"start":{"line":24,"column":4},"end":{"line":24,"column":29}},"10":{"start":{"line":27,"column":4},"end":{"line":27,"column":43}},"11":{"start":{"line":30,"column":4},"end":{"line":30,"column":38}},"12":{"start":{"line":33,"column":4},"end":{"line":33,"column":41}},"13":{"start":{"line":34,"column":4},"end":{"line":34,"column":48}},"14":{"start":{"line":37,"column":4},"end":{"line":37,"column":48}},"15":{"start":{"line":40,"column":4},"end":{"line":40,"column":38}},"16":{"start":{"line":43,"column":4},"end":{"line":43,"column":30}},"17":{"start":{"line":44,"column":4},"end":{"line":44,"column":37}},"18":{"start":{"line":47,"column":4},"end":{"line":47,"column":27}},"19":{"start":{"line":50,"column":4},"end":{"line":50,"column":29}},"20":{"start":{"line":53,"column":4},"end":{"line":53,"column":34}},"21":{"start":{"line":56,"column":4},"end":{"line":58,"column":null}},"22":{"start":{"line":57,"column":6},"end":{"line":57,"column":44}},"23":{"start":{"line":61,"column":4},"end":{"line":61,"column":40}},"24":{"start":{"line":64,"column":4},"end":{"line":66,"column":6}},"25":{"start":{"line":65,"column":28},"end":{"line":65,"column":47}},"26":{"start":{"line":67,"column":4},"end":{"line":67,"column":48}}},"fnMap":{"0":{"name":"updateDB","decl":{"start":{"line":10,"column":9},"end":{"line":10,"column":17}},"loc":{"start":{"line":10,"column":41},"end":{"line":14,"column":1}}},"1":{"name":"(anonymous_1)","decl":{"start":{"line":11,"column":26},"end":{"line":11,"column":35}},"loc":{"start":{"line":11,"column":40},"end":{"line":13,"column":3}}},"2":{"name":"(anonymous_2)","decl":{"start":{"line":17,"column":2},"end":{"line":17,"column":13}},"loc":{"start":{"line":17,"column":45},"end":{"line":19,"column":3}}},"3":{"name":"(anonymous_3)","decl":{"start":{"line":20,"column":2},"end":{"line":20,"column":12}},"loc":{"start":{"line":20,"column":43},"end":{"line":22,"column":3}}},"4":{"name":"(anonymous_4)","decl":{"start":{"line":23,"column":2},"end":{"line":23,"column":12}},"loc":{"start":{"line":23,"column":43},"end":{"line":25,"column":3}}},"5":{"name":"(anonymous_5)","decl":{"start":{"line":26,"column":2},"end":{"line":26,"column":12}},"loc":{"start":{"line":26,"column":55},"end":{"line":28,"column":3}}},"6":{"name":"(anonymous_6)","decl":{"start":{"line":29,"column":2},"end":{"line":29,"column":23}},"loc":{"start":{"line":29,"column":60},"end":{"line":31,"column":3}}},"7":{"name":"(anonymous_7)","decl":{"start":{"line":32,"column":2},"end":{"line":32,"column":19}},"loc":{"start":{"line":32,"column":62},"end":{"line":35,"column":3}}},"8":{"name":"(anonymous_8)","decl":{"start":{"line":36,"column":2},"end":{"line":36,"column":21}},"loc":{"start":{"line":36,"column":38},"end":{"line":38,"column":3}}},"9":{"name":"(anonymous_9)","decl":{"start":{"line":39,"column":2},"end":{"line":39,"column":17}},"loc":{"start":{"line":39,"column":63},"end":{"line":41,"column":3}}},"10":{"name":"(anonymous_10)","decl":{"start":{"line":42,"column":2},"end":{"line":42,"column":12}},"loc":{"start":{"line":42,"column":43},"end":{"line":45,"column":3}}},"11":{"name":"(anonymous_11)","decl":{"start":{"line":46,"column":2},"end":{"line":46,"column":11}},"loc":{"start":{"line":46,"column":45},"end":{"line":48,"column":3}}},"12":{"name":"(anonymous_12)","decl":{"start":{"line":49,"column":2},"end":{"line":49,"column":16}},"loc":{"start":{"line":49,"column":47},"end":{"line":51,"column":3}}},"13":{"name":"(anonymous_13)","decl":{"start":{"line":52,"column":2},"end":{"line":52,"column":18}},"loc":{"start":{"line":52,"column":35},"end":{"line":54,"column":3}}},"14":{"name":"(anonymous_14)","decl":{"start":{"line":55,"column":2},"end":{"line":55,"column":22}},"loc":{"start":{"line":55,"column":65},"end":{"line":59,"column":3}}},"15":{"name":"(anonymous_15)","decl":{"start":{"line":60,"column":2},"end":{"line":60,"column":24}},"loc":{"start":{"line":60,"column":41},"end":{"line":62,"column":3}}},"16":{"name":"(anonymous_16)","decl":{"start":{"line":63,"column":2},"end":{"line":63,"column":19}},"loc":{"start":{"line":63,"column":62},"end":{"line":68,"column":3}}},"17":{"name":"(anonymous_17)","decl":{"start":{"line":65,"column":6},"end":{"line":65,"column":7}},"loc":{"start":{"line":65,"column":28},"end":{"line":65,"column":47}}}},"branchMap":{"0":{"loc":{"start":{"line":12,"column":4},"end":{"line":12,"column":27}},"type":"if","locations":[{"start":{"line":12,"column":4},"end":{"line":12,"column":27}},{"start":{"line":12,"column":4},"end":{"line":12,"column":27}}]},"1":{"loc":{"start":{"line":56,"column":4},"end":{"line":58,"column":null}},"type":"if","locations":[{"start":{"line":56,"column":4},"end":{"line":58,"column":null}},{"start":{"line":56,"column":4},"end":{"line":58,"column":null}}]}},"s":{"0":2,"1":2,"2":2,"3":0,"4":0,"5":0,"6":2,"7":3,"8":1,"9":1,"10":0,"11":1,"12":0,"13":0,"14":0,"15":0,"16":0,"17":0,"18":0,"19":3,"20":1,"21":2,"22":1,"23":0,"24":0,"25":0,"26":0},"f":{"0":0,"1":0,"2":3,"3":1,"4":1,"5":0,"6":1,"7":0,"8":0,"9":0,"10":0,"11":0,"12":3,"13":1,"14":2,"15":0,"16":0,"17":0},"b":{"0":[0,0],"1":[1,1]}}
,"/Users/joseluisassadi/Documents/Universidad/calidad/calendar-part-4-sirjla/src/store/state.ts": {"path":"/Users/joseluisassadi/Documents/Universidad/calidad/calendar-part-4-sirjla/src/store/state.ts","statementMap":{"0":{"start":{"line":1,"column":0},"end":{"line":1,"column":28}},"1":{"start":{"line":2,"column":0},"end":{"line":2,"column":50}},"2":{"start":{"line":4,"column":13},"end":{"line":15,"column":2}}},"fnMap":{},"branchMap":{},"s":{"0":0,"1":0,"2":0},"f":{},"b":{}}
}
