TN:
SF:src/App.vue
FN:35,(anonymous_1)
FN:40,(anonymous_2)
FN:41,(anonymous_3)
FN:44,(anonymous_4)
FN:62,(anonymous_6)
FN:63,(anonymous_7)
FN:71,(anonymous_8)
FN:75,(anonymous_9)
FN:79,(anonymous_10)
FNF:9
FNH:0
FNDA:0,(anonymous_1)
FNDA:0,(anonymous_2)
FNDA:0,(anonymous_3)
FNDA:0,(anonymous_4)
FNDA:0,(anonymous_6)
FNDA:0,(anonymous_7)
FNDA:0,(anonymous_8)
FNDA:0,(anonymous_9)
FNDA:0,(anonymous_10)
DA:11,0
DA:12,0
DA:13,0
DA:14,0
DA:15,0
DA:20,0
DA:22,0
DA:23,0
DA:24,0
DA:34,0
DA:36,0
DA:37,0
DA:41,0
DA:42,0
DA:43,0
DA:44,0
DA:51,0
DA:52,0
DA:54,0
DA:55,0
DA:63,0
DA:64,0
DA:65,0
DA:66,0
DA:72,0
DA:76,0
DA:80,0
LF:27
LH:0
BRDA:42,0,0,0
BRDA:42,0,1,0
BRDA:43,1,0,0
BRDA:43,1,1,0
BRDA:51,2,0,0
BRDA:51,2,1,0
BRDA:64,3,0,0
BRDA:64,3,1,0
BRDA:65,4,0,0
BRDA:65,4,1,0
BRF:10
BRH:0
end_of_record
TN:
SF:src/common/constants.ts
FNF:0
FNH:0
DA:1,3
DA:3,3
DA:4,3
DA:5,3
DA:6,3
DA:7,3
DA:8,3
DA:9,3
DA:10,3
DA:11,3
DA:12,3
DA:13,3
DA:14,3
DA:15,3
DA:18,3
DA:19,3
DA:20,3
DA:21,3
DA:22,3
DA:23,3
DA:24,3
DA:25,3
DA:26,3
DA:27,3
DA:28,3
DA:29,3
LF:26
LH:26
BRF:0
BRH:0
end_of_record
TN:
SF:src/components/AppointmentManager.vue
FN:141,(anonymous_1)
FN:169,(anonymous_2)
FN:173,(anonymous_3)
FN:179,(anonymous_4)
FN:183,(anonymous_5)
FN:187,(anonymous_6)
FN:188,(anonymous_7)
FN:193,(anonymous_8)
FN:194,(anonymous_9)
FN:199,(anonymous_10)
FN:203,(anonymous_11)
FN:208,(anonymous_12)
FN:209,(anonymous_13)
FN:214,(anonymous_14)
FN:217,(anonymous_15)
FN:221,(anonymous_16)
FN:224,(anonymous_17)
FN:228,(anonymous_18)
FN:232,(anonymous_19)
FN:235,(anonymous_20)
FN:239,(anonymous_21)
FN:242,(anonymous_22)
FN:246,(anonymous_23)
FN:249,(anonymous_24)
FN:253,(anonymous_25)
FN:256,(anonymous_26)
FN:262,(anonymous_27)
FN:265,(anonymous_28)
FN:273,(anonymous_29)
FN:276,(anonymous_30)
FN:280,(anonymous_31)
FN:283,(anonymous_32)
FN:287,(anonymous_33)
FN:293,(anonymous_34)
FN:304,(anonymous_35)
FNF:35
FNH:0
FNDA:0,(anonymous_1)
FNDA:0,(anonymous_2)
FNDA:0,(anonymous_3)
FNDA:0,(anonymous_4)
FNDA:0,(anonymous_5)
FNDA:0,(anonymous_6)
FNDA:0,(anonymous_7)
FNDA:0,(anonymous_8)
FNDA:0,(anonymous_9)
FNDA:0,(anonymous_10)
FNDA:0,(anonymous_11)
FNDA:0,(anonymous_12)
FNDA:0,(anonymous_13)
FNDA:0,(anonymous_14)
FNDA:0,(anonymous_15)
FNDA:0,(anonymous_16)
FNDA:0,(anonymous_17)
FNDA:0,(anonymous_18)
FNDA:0,(anonymous_19)
FNDA:0,(anonymous_20)
FNDA:0,(anonymous_21)
FNDA:0,(anonymous_22)
FNDA:0,(anonymous_23)
FNDA:0,(anonymous_24)
FNDA:0,(anonymous_25)
FNDA:0,(anonymous_26)
FNDA:0,(anonymous_27)
FNDA:0,(anonymous_28)
FNDA:0,(anonymous_29)
FNDA:0,(anonymous_30)
FNDA:0,(anonymous_31)
FNDA:0,(anonymous_32)
FNDA:0,(anonymous_33)
FNDA:0,(anonymous_34)
FNDA:0,(anonymous_35)
DA:122,0
DA:123,0
DA:124,0
DA:131,0
DA:141,0
DA:142,0
DA:143,0
DA:144,0
DA:146,0
DA:147,0
DA:149,0
DA:170,0
DA:174,0
DA:175,0
DA:180,0
DA:184,0
DA:188,0
DA:194,0
DA:200,0
DA:201,0
DA:203,0
DA:209,0
DA:215,0
DA:218,0
DA:222,0
DA:225,0
DA:229,0
DA:233,0
DA:236,0
DA:240,0
DA:243,0
DA:247,0
DA:250,0
DA:254,0
DA:257,0
DA:259,0
DA:263,0
DA:266,0
DA:268,0
DA:269,0
DA:274,0
DA:277,0
DA:281,0
DA:284,0
DA:288,0
DA:289,0
DA:290,0
DA:294,0
DA:295,0
DA:296,0
DA:297,0
DA:299,0
DA:301,0
DA:305,0
DA:306,0
DA:308,0
LF:56
LH:0
BRDA:174,0,0,0
BRDA:174,0,1,0
BRDA:200,1,0,0
BRDA:200,1,1,0
BRDA:268,2,0,0
BRDA:268,2,1,0
BRDA:294,3,0,0
BRDA:294,3,1,0
BRDA:295,4,0,0
BRDA:295,4,1,0
BRDA:305,5,0,0
BRDA:305,5,1,0
BRF:12
BRH:0
end_of_record
TN:
SF:src/components/AppointmentView.vue
FN:19,(anonymous_1)
FNF:1
FNH:0
FNDA:0,(anonymous_1)
DA:8,0
DA:10,0
DA:16,0
DA:17,0
DA:20,0
DA:21,0
DA:22,0
LF:7
LH:0
BRDA:21,0,0,0
BRDA:21,0,1,0
BRF:2
BRH:0
end_of_record
TN:
SF:src/components/Calendar.vue
FN:31,(anonymous_1)
FN:37,(anonymous_2)
FN:46,(anonymous_3)
FN:49,(anonymous_4)
FN:50,(anonymous_5)
FNF:5
FNH:0
FNDA:0,(anonymous_1)
FNDA:0,(anonymous_2)
FNDA:0,(anonymous_3)
FNDA:0,(anonymous_4)
FNDA:0,(anonymous_5)
DA:18,0
DA:19,0
DA:21,0
DA:22,0
DA:23,0
DA:31,0
DA:32,0
DA:33,0
DA:34,0
DA:35,0
DA:38,0
DA:47,0
DA:50,0
LF:13
LH:0
BRDA:38,0,0,0
BRDA:38,0,1,0
BRF:2
BRH:0
end_of_record
TN:
SF:src/components/Date.vue
FN:39,(anonymous_1)
FN:47,(anonymous_2)
FN:50,(anonymous_3)
FN:53,(anonymous_4)
FN:61,(anonymous_5)
FN:65,(anonymous_6)
FN:68,(anonymous_7)
FN:72,(anonymous_8)
FN:75,(anonymous_9)
FN:87,(anonymous_10)
FNF:10
FNH:9
FNDA:0,(anonymous_1)
FNDA:5,(anonymous_2)
FNDA:1,(anonymous_3)
FNDA:5,(anonymous_4)
FNDA:5,(anonymous_5)
FNDA:5,(anonymous_6)
FNDA:5,(anonymous_7)
FNDA:5,(anonymous_8)
FNDA:6,(anonymous_9)
FNDA:5,(anonymous_10)
DA:16,1
DA:19,1
DA:25,1
DA:30,1
DA:31,1
DA:32,1
DA:35,2
DA:37,1
DA:40,0
DA:41,0
DA:42,0
DA:48,5
DA:51,1
DA:54,5
DA:62,5
DA:66,5
DA:69,5
DA:70,5
DA:73,5
DA:77,6
DA:78,6
DA:79,0
DA:82,6
DA:83,6
DA:85,0
DA:88,5
LF:26
LH:21
BRDA:41,0,0,0
BRDA:41,0,1,0
BRDA:54,1,0,5
BRDA:54,1,1,5
BRDA:78,2,0,0
BRDA:78,2,1,6
BRDA:82,3,0,6
BRDA:82,3,1,0
BRF:8
BRH:4
end_of_record
TN:
SF:src/components/LogIn.vue
FN:18,(anonymous_1)
FN:22,(anonymous_2)
FN:26,(anonymous_3)
FN:32,(anonymous_4)
FNF:4
FNH:0
FNDA:0,(anonymous_1)
FNDA:0,(anonymous_2)
FNDA:0,(anonymous_3)
FNDA:0,(anonymous_4)
DA:11,0
DA:12,0
DA:18,0
DA:19,0
DA:20,0
DA:23,0
DA:27,0
DA:28,0
DA:33,0
DA:34,0
DA:36,0
LF:11
LH:0
BRDA:27,0,0,0
BRDA:27,0,1,0
BRDA:33,1,0,0
BRDA:33,1,1,0
BRF:4
BRH:0
end_of_record
TN:
SF:src/components/Menu.vue
FN:47,(anonymous_1)
FN:56,(anonymous_2)
FN:60,(anonymous_3)
FN:64,(anonymous_4)
FN:68,(anonymous_5)
FN:72,(anonymous_6)
FN:76,(anonymous_7)
FN:80,(anonymous_8)
FN:84,(anonymous_9)
FNF:9
FNH:0
FNDA:0,(anonymous_1)
FNDA:0,(anonymous_2)
FNDA:0,(anonymous_3)
FNDA:0,(anonymous_4)
FNDA:0,(anonymous_5)
FNDA:0,(anonymous_6)
FNDA:0,(anonymous_7)
FNDA:0,(anonymous_8)
FNDA:0,(anonymous_9)
DA:30,0
DA:31,0
DA:39,0
DA:47,0
DA:49,0
DA:50,0
DA:52,0
DA:53,0
DA:57,0
DA:61,0
DA:65,0
DA:69,0
DA:73,0
DA:77,0
DA:81,0
DA:85,0
LF:16
LH:0
BRF:0
BRH:0
end_of_record
TN:
SF:src/components/Month.vue
FN:19,(anonymous_1)
FN:22,(anonymous_2)
FN:26,(anonymous_3)
FN:31,(anonymous_4)
FNF:4
FNH:0
FNDA:0,(anonymous_1)
FNDA:0,(anonymous_2)
FNDA:0,(anonymous_3)
FNDA:0,(anonymous_4)
DA:8,0
DA:9,0
DA:10,0
DA:17,0
DA:20,0
DA:23,0
DA:27,0
DA:31,0
LF:8
LH:0
BRF:0
BRH:0
end_of_record
TN:
SF:src/components/ScheduleHour.vue
FN:34,(anonymous_1)
FN:43,(anonymous_2)
FN:44,(anonymous_3)
FN:78,(anonymous_4)
FNF:4
FNH:0
FNDA:0,(anonymous_1)
FNDA:0,(anonymous_2)
FNDA:0,(anonymous_3)
FNDA:0,(anonymous_4)
DA:23,0
DA:25,0
DA:27,0
DA:34,0
DA:35,0
DA:36,0
DA:37,0
DA:39,0
DA:40,0
DA:41,0
DA:44,0
DA:45,0
DA:46,0
DA:47,0
DA:48,0
DA:51,0
DA:55,0
DA:58,0
DA:59,0
DA:60,0
DA:62,0
DA:63,0
DA:64,0
DA:68,0
DA:72,0
DA:74,0
DA:79,0
LF:27
LH:0
BRDA:45,0,0,0
BRDA:45,0,1,0
BRDA:46,1,0,0
BRDA:46,1,1,0
BRDA:47,2,0,0
BRDA:47,2,1,0
BRDA:51,3,0,0
BRDA:51,3,1,0
BRDA:51,4,0,0
BRDA:51,4,1,0
BRDA:58,5,0,0
BRDA:58,5,1,0
BRDA:59,6,0,0
BRDA:59,6,1,0
BRDA:62,7,0,0
BRDA:62,7,1,0
BRDA:63,8,0,0
BRDA:63,8,1,0
BRDA:68,9,0,0
BRDA:68,9,1,0
BRDA:68,10,0,0
BRDA:68,10,1,0
BRF:22
BRH:0
end_of_record
TN:
SF:src/components/Week.vue
FN:39,(anonymous_1)
FN:44,(anonymous_2)
FN:50,(anonymous_3)
FN:54,(anonymous_4)
FN:60,(anonymous_5)
FN:70,(anonymous_7)
FN:74,(anonymous_8)
FNF:7
FNH:0
FNDA:0,(anonymous_1)
FNDA:0,(anonymous_2)
FNDA:0,(anonymous_3)
FNDA:0,(anonymous_4)
FNDA:0,(anonymous_5)
FNDA:0,(anonymous_7)
FNDA:0,(anonymous_8)
DA:27,0
DA:28,0
DA:29,0
DA:32,0
DA:39,0
DA:40,0
DA:41,0
DA:42,0
DA:45,0
DA:46,0
DA:47,0
DA:51,0
DA:55,0
DA:56,0
DA:60,0
DA:71,0
DA:75,0
LF:17
LH:0
BRF:0
BRH:0
end_of_record
TN:
SF:src/store/MutationNames.ts
FNF:0
FNH:0
DA:1,1
DA:2,1
DA:3,1
DA:4,1
DA:5,1
DA:6,1
DA:7,1
DA:8,1
DA:9,1
DA:10,1
DA:11,1
DA:12,1
DA:13,1
DA:14,1
DA:15,1
DA:18,1
DA:19,1
DA:20,1
DA:21,1
DA:22,1
DA:23,1
DA:24,1
DA:25,1
DA:26,1
DA:27,1
DA:28,1
DA:29,1
DA:30,1
DA:31,1
DA:32,1
LF:30
LH:30
BRF:0
BRH:0
end_of_record
TN:
SF:src/store/getters.ts
FN:9,(anonymous_0)
FN:18,(anonymous_1)
FN:18,(anonymous_2)
FN:23,(anonymous_3)
FN:27,(anonymous_4)
FNF:5
FNH:5
FNDA:6,(anonymous_0)
FNDA:7,(anonymous_1)
FNDA:7,(anonymous_2)
FNDA:2,(anonymous_3)
FNDA:2,(anonymous_4)
DA:1,2
DA:5,2
DA:6,2
DA:8,2
DA:10,6
DA:18,7
DA:21,7
DA:22,7
DA:24,2
DA:28,2
LF:10
LH:10
BRDA:21,0,0,6
BRDA:21,0,1,1
BRDA:28,1,0,2
BRDA:28,1,1,1
BRF:4
BRH:4
end_of_record
TN:
SF:src/store/index.ts
FNF:0
FNH:0
DA:1,0
DA:2,0
DA:4,0
DA:5,0
DA:6,0
DA:8,0
DA:10,0
DA:18,0
LF:8
LH:0
BRF:0
BRH:0
end_of_record
TN:
SF:src/store/mutations.ts
FN:10,updateDB
FN:11,(anonymous_1)
FN:17,(anonymous_2)
FN:20,(anonymous_3)
FN:23,(anonymous_4)
FN:26,(anonymous_5)
FN:29,(anonymous_6)
FN:32,(anonymous_7)
FN:36,(anonymous_8)
FN:39,(anonymous_9)
FN:42,(anonymous_10)
FN:46,(anonymous_11)
FN:49,(anonymous_12)
FN:52,(anonymous_13)
FN:55,(anonymous_14)
FN:60,(anonymous_15)
FN:63,(anonymous_16)
FN:65,(anonymous_17)
FNF:18
FNH:7
FNDA:0,updateDB
FNDA:0,(anonymous_1)
FNDA:3,(anonymous_2)
FNDA:1,(anonymous_3)
FNDA:1,(anonymous_4)
FNDA:0,(anonymous_5)
FNDA:1,(anonymous_6)
FNDA:0,(anonymous_7)
FNDA:0,(anonymous_8)
FNDA:0,(anonymous_9)
FNDA:0,(anonymous_10)
FNDA:0,(anonymous_11)
FNDA:3,(anonymous_12)
FNDA:1,(anonymous_13)
FNDA:2,(anonymous_14)
FNDA:0,(anonymous_15)
FNDA:0,(anonymous_16)
FNDA:0,(anonymous_17)
DA:3,2
DA:4,2
DA:6,2
DA:11,0
DA:12,0
DA:16,2
DA:18,3
DA:21,1
DA:24,1
DA:27,0
DA:30,1
DA:33,0
DA:34,0
DA:37,0
DA:40,0
DA:43,0
DA:44,0
DA:47,0
DA:50,3
DA:53,1
DA:56,2
DA:57,1
DA:61,0
DA:64,0
DA:65,0
DA:67,0
LF:26
LH:12
BRDA:12,0,0,0
BRDA:12,0,1,0
BRDA:56,1,0,1
BRDA:56,1,1,1
BRF:4
BRH:2
end_of_record
TN:
SF:src/store/state.ts
FNF:0
FNH:0
DA:1,0
DA:2,0
DA:4,0
LF:3
LH:0
BRF:0
BRH:0
end_of_record
